<?xml version="1.0" encoding="UTF-8"?>
<testsuite name="com.pashchuk.EmployeeTest" tests="6" skipped="0" failures="0" errors="0" timestamp="2023-06-22T17:22:29" hostname="LAPTOP-MB5TCETU" time="0.021">
  <properties/>
  <testcase name="removeEmployeeFromRepository()" classname="com.pashchuk.EmployeeTest" time="0.015"/>
  <testcase name="updateEmployeeFromRepository()" classname="com.pashchuk.EmployeeTest" time="0.001"/>
  <testcase name="removeEmployeeFromService()" classname="com.pashchuk.EmployeeTest" time="0.001"/>
  <testcase name="updateEmployeeFromService()" classname="com.pashchuk.EmployeeTest" time="0.0"/>
  <testcase name="getByNameFromRepository()" classname="com.pashchuk.EmployeeTest" time="0.0"/>
  <testcase name="getByNameFromService()" classname="com.pashchuk.EmployeeTest" time="0.0"/>
  <system-out><![CDATA[]]></system-out>
  <system-err><![CDATA[]]></system-err>
</testsuite>
